d:\software\program\source\vsprojects\myprocessinjectcontrol\out\myproccontrol.x64_release\vc143.pdb
d:\software\program\source\vsprojects\myprocessinjectcontrol\out\myproccontrol.x64_release\myproccontrol-service.obj
d:\software\program\source\vsprojects\myprocessinjectcontrol\out\myproccontrol.x64_release\myproccontrol-entry.obj
d:\software\program\source\vsprojects\myprocessinjectcontrol\out\myproccontrol.x64_release\tool.obj
d:\software\program\source\vsprojects\myprocessinjectcontrol\out\myproccontrol.x64_release\myproccontrol.res
d:\software\program\source\vsprojects\myprocessinjectcontrol\out\myproccontrol.x64_release\myproccontrol64.ipdb
d:\software\program\source\vsprojects\myprocessinjectcontrol\out\myproccontrol.x64_release\myproccontrol64.iobj
d:\software\program\source\vsprojects\myprocessinjectcontrol\out\myproccontrol.x64_release\myproccontrol.tlog\cl.command.1.tlog
d:\software\program\source\vsprojects\myprocessinjectcontrol\out\myproccontrol.x64_release\myproccontrol.tlog\cl.read.1.tlog
d:\software\program\source\vsprojects\myprocessinjectcontrol\out\myproccontrol.x64_release\myproccontrol.tlog\cl.write.1.tlog
d:\software\program\source\vsprojects\myprocessinjectcontrol\out\myproccontrol.x64_release\myproccontrol.tlog\link-cvtres.read.1.tlog
d:\software\program\source\vsprojects\myprocessinjectcontrol\out\myproccontrol.x64_release\myproccontrol.tlog\link-cvtres.write.1.tlog
d:\software\program\source\vsprojects\myprocessinjectcontrol\out\myproccontrol.x64_release\myproccontrol.tlog\link-rc.read.1.tlog
d:\software\program\source\vsprojects\myprocessinjectcontrol\out\myproccontrol.x64_release\myproccontrol.tlog\link-rc.write.1.tlog
d:\software\program\source\vsprojects\myprocessinjectcontrol\out\myproccontrol.x64_release\myproccontrol.tlog\link.command.1.tlog
d:\software\program\source\vsprojects\myprocessinjectcontrol\out\myproccontrol.x64_release\myproccontrol.tlog\link.read.1.tlog
d:\software\program\source\vsprojects\myprocessinjectcontrol\out\myproccontrol.x64_release\myproccontrol.tlog\link.read.14.tlog
d:\software\program\source\vsprojects\myprocessinjectcontrol\out\myproccontrol.x64_release\myproccontrol.tlog\link.read.15.tlog
d:\software\program\source\vsprojects\myprocessinjectcontrol\out\myproccontrol.x64_release\myproccontrol.tlog\link.read.24.tlog
d:\software\program\source\vsprojects\myprocessinjectcontrol\out\myproccontrol.x64_release\myproccontrol.tlog\link.write.1.tlog
d:\software\program\source\vsprojects\myprocessinjectcontrol\out\myproccontrol.x64_release\myproccontrol.tlog\rc.command.1.tlog
d:\software\program\source\vsprojects\myprocessinjectcontrol\out\myproccontrol.x64_release\myproccontrol.tlog\rc.read.1.tlog
d:\software\program\source\vsprojects\myprocessinjectcontrol\out\myproccontrol.x64_release\myproccontrol.tlog\rc.write.1.tlog
