d:\software\visualstudio\source\repos\processes\processesgui\x64\release\processesgui.pch
d:\software\visualstudio\source\repos\processes\processesgui\x64\release\vc142.pdb
d:\software\visualstudio\source\repos\processes\processesgui\x64\release\pch.obj
d:\software\visualstudio\source\repos\processes\processesgui\x64\release\tool.obj
d:\software\visualstudio\source\repos\processes\processesgui\x64\release\processesguidlg.obj
d:\software\visualstudio\source\repos\processes\processesgui\x64\release\processesgui.obj
d:\software\visualstudio\source\repos\processes\bin\processesgui.exe
d:\software\visualstudio\source\repos\processes\processesgui\x64\release\processesgui.ipdb
d:\software\visualstudio\source\repos\processes\processesgui\x64\release\processesgui.iobj
d:\software\visualstudio\source\repos\processes\bin\processesgui.pdb
d:\software\visualstudio\source\repos\processes\processesgui\x64\release\processesgui.res
d:\software\visualstudio\source\repos\processes\processesgui\x64\release\processesgui.tlog\cl.command.1.tlog
d:\software\visualstudio\source\repos\processes\processesgui\x64\release\processesgui.tlog\cl.read.1.tlog
d:\software\visualstudio\source\repos\processes\processesgui\x64\release\processesgui.tlog\cl.write.1.tlog
d:\software\visualstudio\source\repos\processes\processesgui\x64\release\processesgui.tlog\link.command.1.tlog
d:\software\visualstudio\source\repos\processes\processesgui\x64\release\processesgui.tlog\link.read.1.tlog
d:\software\visualstudio\source\repos\processes\processesgui\x64\release\processesgui.tlog\link.write.1.tlog
d:\software\visualstudio\source\repos\processes\processesgui\x64\release\processesgui.tlog\rc.command.1.tlog
d:\software\visualstudio\source\repos\processes\processesgui\x64\release\processesgui.tlog\rc.read.1.tlog
d:\software\visualstudio\source\repos\processes\processesgui\x64\release\processesgui.tlog\rc.write.1.tlog
