  tool.cpp
  ProcessShower.cpp
D:\software\sources\Program\git\github.com\shc0743\CLearn\Processes\ProcessShower\ProcessShower.cpp(109,5): error C2653: “colorset”: 不是类或命名空间名称
D:\software\sources\Program\git\github.com\shc0743\CLearn\Processes\ProcessShower\ProcessShower.cpp(109,15): error C3861: “r”: 找不到标识符
D:\software\sources\Program\git\github.com\shc0743\CLearn\Processes\ProcessShower\ProcessShower.cpp(110,48): error C2653: “colorset”: 不是类或命名空间名称
D:\software\sources\Program\git\github.com\shc0743\CLearn\Processes\ProcessShower\ProcessShower.cpp(110,58): error C3861: “rst”: 找不到标识符
D:\software\sources\Program\git\github.com\shc0743\CLearn\Processes\ProcessShower\ProcessShower.cpp(113,5): error C2653: “colorset”: 不是类或命名空间名称
D:\software\sources\Program\git\github.com\shc0743\CLearn\Processes\ProcessShower\ProcessShower.cpp(113,15): error C3861: “r”: 找不到标识符
D:\software\sources\Program\git\github.com\shc0743\CLearn\Processes\ProcessShower\ProcessShower.cpp(114,49): error C2653: “colorset”: 不是类或命名空间名称
D:\software\sources\Program\git\github.com\shc0743\CLearn\Processes\ProcessShower\ProcessShower.cpp(114,59): error C3861: “rst”: 找不到标识符
D:\software\sources\Program\git\github.com\shc0743\CLearn\Processes\ProcessShower\ProcessShower.cpp(124,56): error C2653: “colorset”: 不是类或命名空间名称
D:\software\sources\Program\git\github.com\shc0743\CLearn\Processes\ProcessShower\ProcessShower.cpp(124,66): error C3861: “r”: 找不到标识符
D:\software\sources\Program\git\github.com\shc0743\CLearn\Processes\ProcessShower\ProcessShower.cpp(126,5): error C2653: “colorset”: 不是类或命名空间名称
D:\software\sources\Program\git\github.com\shc0743\CLearn\Processes\ProcessShower\ProcessShower.cpp(126,15): error C3861: “rst”: 找不到标识符
D:\software\sources\Program\git\github.com\shc0743\CLearn\Processes\ProcessShower\ProcessShower.cpp(137,5): error C2653: “colorset”: 不是类或命名空间名称
D:\software\sources\Program\git\github.com\shc0743\CLearn\Processes\ProcessShower\ProcessShower.cpp(137,15): error C3861: “r”: 找不到标识符
D:\software\sources\Program\git\github.com\shc0743\CLearn\Processes\ProcessShower\ProcessShower.cpp(139,5): error C2653: “colorset”: 不是类或命名空间名称
D:\software\sources\Program\git\github.com\shc0743\CLearn\Processes\ProcessShower\ProcessShower.cpp(139,15): error C3861: “rst”: 找不到标识符
D:\software\sources\Program\git\github.com\shc0743\CLearn\Processes\ProcessShower\ProcessShower.cpp(141,4): error C2653: “colorset”: 不是类或命名空间名称
D:\software\sources\Program\git\github.com\shc0743\CLearn\Processes\ProcessShower\ProcessShower.cpp(141,14): error C3861: “b”: 找不到标识符
D:\software\sources\Program\git\github.com\shc0743\CLearn\Processes\ProcessShower\ProcessShower.cpp(143,4): error C2653: “colorset”: 不是类或命名空间名称
D:\software\sources\Program\git\github.com\shc0743\CLearn\Processes\ProcessShower\ProcessShower.cpp(143,14): error C3861: “rst”: 找不到标识符
D:\software\sources\Program\git\github.com\shc0743\CLearn\Processes\ProcessShower\ProcessShower.cpp(145,34): error C2653: “colorset”: 不是类或命名空间名称
D:\software\sources\Program\git\github.com\shc0743\CLearn\Processes\ProcessShower\ProcessShower.cpp(145,44): error C3861: “r”: 找不到标识符
D:\software\sources\Program\git\github.com\shc0743\CLearn\Processes\ProcessShower\ProcessShower.cpp(147,6): error C2653: “colorset”: 不是类或命名空间名称
D:\software\sources\Program\git\github.com\shc0743\CLearn\Processes\ProcessShower\ProcessShower.cpp(147,16): error C3861: “rst”: 找不到标识符
D:\software\sources\Program\git\github.com\shc0743\CLearn\Processes\ProcessShower\ProcessShower.cpp(148,7): error C2653: “colorset”: 不是类或命名空间名称
D:\software\sources\Program\git\github.com\shc0743\CLearn\Processes\ProcessShower\ProcessShower.cpp(148,17): error C3861: “r”: 找不到标识符
D:\software\sources\Program\git\github.com\shc0743\CLearn\Processes\ProcessShower\ProcessShower.cpp(151,47): error C2653: “colorset”: 不是类或命名空间名称
D:\software\sources\Program\git\github.com\shc0743\CLearn\Processes\ProcessShower\ProcessShower.cpp(151,57): error C3861: “rst”: 找不到标识符
D:\software\sources\Program\git\github.com\shc0743\CLearn\Processes\ProcessShower\ProcessShower.cpp(154,5): error C2653: “colorset”: 不是类或命名空间名称
D:\software\sources\Program\git\github.com\shc0743\CLearn\Processes\ProcessShower\ProcessShower.cpp(154,15): error C3861: “g”: 找不到标识符
D:\software\sources\Program\git\github.com\shc0743\CLearn\Processes\ProcessShower\ProcessShower.cpp(156,5): error C2653: “colorset”: 不是类或命名空间名称
D:\software\sources\Program\git\github.com\shc0743\CLearn\Processes\ProcessShower\ProcessShower.cpp(156,15): error C3861: “rst”: 找不到标识符
D:\software\sources\Program\git\github.com\shc0743\CLearn\Processes\ProcessShower\ProcessShower.cpp(168,5): error C2653: “colorset”: 不是类或命名空间名称
D:\software\sources\Program\git\github.com\shc0743\CLearn\Processes\ProcessShower\ProcessShower.cpp(168,15): error C3861: “b”: 找不到标识符
D:\software\sources\Program\git\github.com\shc0743\CLearn\Processes\ProcessShower\ProcessShower.cpp(170,5): error C2653: “colorset”: 不是类或命名空间名称
D:\software\sources\Program\git\github.com\shc0743\CLearn\Processes\ProcessShower\ProcessShower.cpp(170,15): error C3861: “rst”: 找不到标识符
D:\software\sources\Program\git\github.com\shc0743\CLearn\Processes\ProcessShower\ProcessShower.cpp(174,7): error C2653: “colorset”: 不是类或命名空间名称
D:\software\sources\Program\git\github.com\shc0743\CLearn\Processes\ProcessShower\ProcessShower.cpp(174,17): error C3861: “r”: 找不到标识符
D:\software\sources\Program\git\github.com\shc0743\CLearn\Processes\ProcessShower\ProcessShower.cpp(176,24): error C2653: “colorset”: 不是类或命名空间名称
D:\software\sources\Program\git\github.com\shc0743\CLearn\Processes\ProcessShower\ProcessShower.cpp(176,34): error C3861: “rst”: 找不到标识符
D:\software\sources\Program\git\github.com\shc0743\CLearn\Processes\ProcessShower\ProcessShower.cpp(178,6): error C2653: “colorset”: 不是类或命名空间名称
D:\software\sources\Program\git\github.com\shc0743\CLearn\Processes\ProcessShower\ProcessShower.cpp(178,16): error C3861: “r”: 找不到标识符
D:\software\sources\Program\git\github.com\shc0743\CLearn\Processes\ProcessShower\ProcessShower.cpp(179,41): error C2653: “colorset”: 不是类或命名空间名称
D:\software\sources\Program\git\github.com\shc0743\CLearn\Processes\ProcessShower\ProcessShower.cpp(179,51): error C3861: “b”: 找不到标识符
D:\software\sources\Program\git\github.com\shc0743\CLearn\Processes\ProcessShower\ProcessShower.cpp(181,6): error C2653: “colorset”: 不是类或命名空间名称
D:\software\sources\Program\git\github.com\shc0743\CLearn\Processes\ProcessShower\ProcessShower.cpp(181,16): error C3861: “rst”: 找不到标识符
D:\software\sources\Program\git\github.com\shc0743\CLearn\Processes\ProcessShower\ProcessShower.cpp(184,6): error C2653: “colorset”: 不是类或命名空间名称
D:\software\sources\Program\git\github.com\shc0743\CLearn\Processes\ProcessShower\ProcessShower.cpp(184,16): error C3861: “g”: 找不到标识符
D:\software\sources\Program\git\github.com\shc0743\CLearn\Processes\ProcessShower\ProcessShower.cpp(186,6): error C2653: “colorset”: 不是类或命名空间名称
D:\software\sources\Program\git\github.com\shc0743\CLearn\Processes\ProcessShower\ProcessShower.cpp(186,16): error C3861: “rst”: 找不到标识符
