[timestamp 1618127106] php-cgi exited,restart it,success,handle 00000000000017B8.
[timestamp 1618131211] php-cgi exited,restart it,success,handle 00000000000005A8.
[timestamp 1618131216] php-cgi exited,restart it,success,handle 00000000000005CC.
[timestamp 1618131226] php-cgi exited,restart it,success,handle 00000000000005D8.
[timestamp 1618131231] php-cgi exited,restart it,success,handle 00000000000005E8.
[timestamp 1621152306] php-cgi exited,restart it,success,handle 0000000000000DFC.
[timestamp 1621152746] php-cgi exited,restart it,success,handle 0000000000000F70.
[timestamp 1621152756] php-cgi exited,restart it,success,handle 0000000000000F90.
[timestamp 1621645875] php-cgi exited,restart it,success,handle 000000000000055C.
[timestamp 1621646172] php-cgi exited,restart it,success,handle 00000000000005DC.
[timestamp 1621676603] php-cgi exited,restart it,success,handle 0000000000000570.
[timestamp 1624700339] php-cgi exited,restart it,success,handle 0000000000000440.
[timestamp 1625550918] php-cgi exited,restart it,success,handle 00000000000005E0.
[timestamp 1625554678] php-cgi exited,restart it,success,handle 00000000000011B8.
[timestamp 1627822797] php-cgi exited,restart it,success,handle 0000000000002830.
[timestamp 1627900305] php-cgi exited,restart it,success,handle 00000000000004B8.
[timestamp 1627909948] php-cgi exited,restart it,success,handle 0000000000000428.
[timestamp 1629106667] php-cgi exited,restart it,success,handle 0000000000000334.
[timestamp 1629106712] php-cgi exited,restart it,success,handle 0000000000000368.
[timestamp 1629543225] php-cgi exited,restart it,success,handle 00000000000002FC.
[timestamp 1630587445] php-cgi exited,restart it,success,handle 00000000000005F4.
[timestamp 1630736894] php-cgi exited,restart it,success,handle 000000000000045C.
[timestamp 1630828629] php-cgi exited,restart it,success,handle 0000000000000B18.
[timestamp 1630829004] php-cgi exited,restart it,success,handle 0000000000000C58.
[timestamp 1630829415] php-cgi exited,restart it,success,handle 0000000000000DA8.
[timestamp 1632138408] php-cgi exited,restart it,success,handle 00000000000002B0.
[timestamp 1632138413] php-cgi exited,restart it,success,handle 00000000000002B4.
[timestamp 1632138421] php-cgi exited,restart it,success,handle 0000000000000308.
[timestamp 1632138424] php-cgi exited,restart it,success,handle 0000000000000244.
[timestamp 1632138436] php-cgi exited,restart it,success,handle 000000000000031C.
[timestamp 1632138436] php-cgi exited,restart it,success,handle 0000000000000324.
[timestamp 1632138441] php-cgi exited,restart it,success,handle 000000000000031C.
[timestamp 1632138442] php-cgi exited,restart it,success,handle 0000000000000250.
[timestamp 1632138442] php-cgi exited,restart it,success,handle 000000000000032C.
[timestamp 1632138458] php-cgi exited,restart it,success,handle 00000000000002D0.
[timestamp 1632138463] php-cgi exited,restart it,success,handle 00000000000002CC.
[timestamp 1632138467] php-cgi exited,restart it,success,handle 000000000000032C.
[timestamp 1632138467] php-cgi exited,restart it,success,handle 0000000000000334.
[timestamp 1632575680] php-cgi exited,restart it,success,handle 0000000000000304.
[timestamp 1632575785] php-cgi exited,restart it,success,handle 000000000000036C.
[timestamp 1632579085] php-cgi exited,restart it,success,handle 0000000000000DC4.
[timestamp 1632579100] php-cgi exited,restart it,success,handle 0000000000000DD4.
[timestamp 1632579105] php-cgi exited,restart it,success,handle 0000000000000DE8.
